<?xml version="1.0" encoding="UTF-8"?>
<!-- Generated by org.testng.reporters.JUnitReportReporter -->
<testsuite hostname="DESKTOP-T2FG83M" failures="0" tests="1" name="runner.test_runner_skillrary" time="23.577" errors="0" timestamp="12 Nov 2022 03:50:28 GMT">
  <testcase classname="runner.test_runner_skillrary" name="runScenario" time="23.577"/>
</testsuite> <!-- runner.test_runner_skillrary -->
